Unity Editor version:    2020.3.21f1 (a38c86f6690f)
Branch:                  2020.3/staging
Build type:              Release
Batch mode:              YES
macOS version:           Version 12.0.1 (Build 21A559)
Darwin version:          21.1.0
Architecture:            x86_64
Running under Rosetta:   NO
Available memory:        8192 MB
Using pre-set license
Pro License: NO

COMMAND LINE ARGUMENTS:
/Applications/Unity/Unity.app/Contents/MacOS/Unity
-adb2
-batchMode
-noUpm
-name
AssetImportWorker0
-projectPath
/Users/masahirohirano/PinBall
-logFile
Logs/AssetImportWorker0.log
-srvPort
61370
Successfully changed project path to: /Users/masahirohirano/PinBall
/Users/masahirohirano/PinBall
Using Asset Import Pipeline V2.
Refreshing native plugins compatible for Editor in 41.71 ms, found 2 plugins.
Preloading 0 native plugins for Editor in 0.00 ms.
Initialize engine version: 2020.3.21f1 (a38c86f6690f)
[Subsystems] Discovering subsystems at path /Applications/Unity/Unity.app/Contents/Resources/UnitySubsystems
[Subsystems] Discovering subsystems at path /Users/masahirohirano/PinBall/Assets
GfxDevice: creating device client; threaded=0
2021-11-11 16:49:20.205 Unity[13743:541295] Color LCD preferred device: Intel(R) Iris(TM) Plus Graphics 655 (low power)
2021-11-11 16:49:20.205 Unity[13743:541295] Metal devices available: 1
2021-11-11 16:49:20.205 Unity[13743:541295] 0: Intel(R) Iris(TM) Plus Graphics 655 (low power)
2021-11-11 16:49:20.205 Unity[13743:541295] Using device Intel(R) Iris(TM) Plus Graphics 655 (low power)
Initializing Metal device caps: Intel(R) Iris(TM) Plus Graphics 655
Initialize mono
Mono path[0] = '/Applications/Unity/Unity.app/Contents/Managed'
Mono path[1] = '/Applications/Unity/Unity.app/Contents/MonoBleedingEdge/lib/mono/unityjit'
Mono config path = '/Applications/Unity/Unity.app/Contents/MonoBleedingEdge/etc'
Using monoOptions --debugger-agent=transport=dt_socket,embedding=1,server=y,suspend=n,address=127.0.0.1:56743
Begin MonoManager ReloadAssembly
Registering precompiled unity dll's ...
Register platform support module: /Applications/Unity/Unity.app/Contents/PlaybackEngines/MacStandaloneSupport/UnityEditor.OSXStandalone.Extensions.dll
Registered in 0.002047 seconds.
Native extension for OSXStandalone target not found
Refreshing native plugins compatible for Editor in 28.38 ms, found 2 plugins.
Preloading 0 native plugins for Editor in 0.00 ms.
Mono: successfully reloaded assembly
- Completed reload, in  2.725 seconds
Domain Reload Profiling:
	ReloadAssembly (2725ms)
		BeginReloadAssembly (46ms)
			ExecutionOrderSort (0ms)
			DisableScriptedObjects (0ms)
			BackupInstance (0ms)
			ReleaseScriptingObjects (0ms)
			CreateAndSetChildDomain (1ms)
		EndReloadAssembly (503ms)
			LoadAssemblies (46ms)
			RebuildTransferFunctionScriptingTraits (0ms)
			SetupTypeCache (186ms)
			ReleaseScriptCaches (0ms)
			RebuildScriptCaches (37ms)
			SetupLoadedEditorAssemblies (196ms)
				LogAssemblyErrors (0ms)
				InitializePlatformSupportModulesInManaged (3ms)
				SetLoadedEditorAssemblies (0ms)
				RefreshPlugins (28ms)
				BeforeProcessingInitializeOnLoad (34ms)
				ProcessInitializeOnLoadAttributes (97ms)
				ProcessInitializeOnLoadMethodAttributes (32ms)
				AfterProcessingInitializeOnLoad (0ms)
				EditorAssembliesLoaded (0ms)
			ExecutionOrderSort2 (0ms)
			AwakeInstancesAfterBackupRestoration (0ms)
Platform modules already initialized, skipping
Registering precompiled user dll's ...
Registered in 0.007809 seconds.
Begin MonoManager ReloadAssembly
Native extension for OSXStandalone target not found
Refreshing native plugins compatible for Editor in 0.35 ms, found 2 plugins.
Preloading 0 native plugins for Editor in 0.00 ms.
Mono: successfully reloaded assembly
- Completed reload, in  1.214 seconds
Domain Reload Profiling:
	ReloadAssembly (1216ms)
		BeginReloadAssembly (157ms)
			ExecutionOrderSort (0ms)
			DisableScriptedObjects (5ms)
			BackupInstance (0ms)
			ReleaseScriptingObjects (0ms)
			CreateAndSetChildDomain (26ms)
		EndReloadAssembly (992ms)
			LoadAssemblies (100ms)
			RebuildTransferFunctionScriptingTraits (0ms)
			SetupTypeCache (335ms)
			ReleaseScriptCaches (0ms)
			RebuildScriptCaches (65ms)
			SetupLoadedEditorAssemblies (368ms)
				LogAssemblyErrors (0ms)
				InitializePlatformSupportModulesInManaged (6ms)
				SetLoadedEditorAssemblies (1ms)
				RefreshPlugins (0ms)
				BeforeProcessingInitializeOnLoad (79ms)
				ProcessInitializeOnLoadAttributes (268ms)
				ProcessInitializeOnLoadMethodAttributes (13ms)
				AfterProcessingInitializeOnLoad (1ms)
				EditorAssembliesLoaded (0ms)
			ExecutionOrderSort2 (0ms)
			AwakeInstancesAfterBackupRestoration (8ms)
Platform modules already initialized, skipping
Validating Project structure ... 0.000144 seconds.
Shader import version has changed; will reimport all shaders...
Upgrading shader files ...0.000196 seconds.
Application.AssetDatabase Initial Script Refresh Start
RefreshInfo: InitialScriptRefreshV2(NoUpdateAssetOptions) scanfilter:  ... 1 filters
RefreshProfiler: Total: 0.000ms
Application.AssetDatabase Initial Script Refresh End
Application.AssetDatabase.Refresh Start
Application.AssetDatabase.Refresh End
RefreshInfo: StopAssetImportingV2(ForceSynchronousImport) scanfilter: 
RefreshProfiler: Total: 0.000ms
Launching external process: /Applications/Unity/Unity.app/Contents/Tools/UnityShaderCompiler
Launched and connected shader compiler UnityShaderCompiler after 0.02 seconds
Initializing Unity extensions:
2021-11-11 16:49:25.329 Unity[13743:541295] NSEventModifierFlagFunction specified to -setKeyEquivalentModifierMask: for item <NSMenuItem: 0x600001d1b020 Font Asset, ke='Command-F12'>, but is only supported for system-provided menu items; will not be used
2021-11-11 16:49:25.333 Unity[13743:541295] NSEventModifierFlagFunction specified to -setKeyEquivalentModifierMask: for item <NSMenuItem: 0x600001d2d0a0 Font Asset, ke='Command-F12'>, but is only supported for system-provided menu items; will not be used
========================================================================
Worker process is ready to serve import requests
Refreshing native plugins compatible for Editor in 0.35 ms, found 2 plugins.
Preloading 0 native plugins for Editor in 0.00 ms.
Unloading 1491 Unused Serialized files (Serialized files now loaded: 0)
System memory in use before: 194.2 MB.
System memory in use after: 193.4 MB.

Unloading 80 unused Assets to reduce memory usage. Loaded Objects now: 1961.
Total: 3.320343 ms (FindLiveObjects: 0.198498 ms CreateObjectMapping: 0.057781 ms MarkObjects: 2.574802 ms  DeleteObjects: 0.488346 ms)

AssetImportParameters requested are different than current active one (requested -> active):
  custom:video-decoder-ogg-theora: a1e56fd34408186e4bbccfd4996cb3dc -> 
  custom:container-muxer-webm: aa71ff27fc2769a1b78a27578f13a17b -> 
  custom:container-demuxer-webm: 4f35f7cbe854078d1ac9338744f61a02 -> 
  custom:container-demuxer-ogg: 62fdf1f143b41e24485cea50d1cbac27 -> 
  custom:video-encoder-webm-vp8: eb34c28f22e8b96e1ab97ce403110664 -> 
  custom:framework-osx-AVFoundation: e770b220cccbd017edd2c1fefb359320 -> 
  custom:video-decoder-webm-vp8: 9c59270c3fd7afecdb556c50c9e8de78 -> 
  custom:audio-decoder-ogg-vorbis: bf7c407c2cedff20999df2af8eb42d56 -> 
  custom:audio-encoder-webm-vorbis: bf7c407c2cedff20999df2af8eb42d56 -> 
========================================================================
Received Import Request.
  path: Assets/LargeStar.fbx
  artifactKey: Guid(15e0d9c1c903644feb50861f4f5b161c) Importer(815301076,1909f56bfc062723c751e8b465ee728b)
Start importing Assets/LargeStar.fbx using Guid(15e0d9c1c903644feb50861f4f5b161c) Importer(815301076,1909f56bfc062723c751e8b465ee728b)  -> (artifact id: 'd7ed8b605f949dda5238c0ede06d8f2a') in 1.499843 seconds 
  Import took 1.503021 seconds .

========================================================================
Received Import Request.
  Time since last request: 0.003361 seconds.
  path: Assets/RightFripper.fbx
  artifactKey: Guid(9fd58d7c884084e12b7bea8cad2eef6e) Importer(815301076,1909f56bfc062723c751e8b465ee728b)
Start importing Assets/RightFripper.fbx using Guid(9fd58d7c884084e12b7bea8cad2eef6e) Importer(815301076,1909f56bfc062723c751e8b465ee728b)  -> (artifact id: '80be355cc21d937389497b0c05acd77e') in 0.015516 seconds 
  Import took 0.017681 seconds .

========================================================================
Received Import Request.
  Time since last request: 0.000295 seconds.
  path: Assets/Mask.png
  artifactKey: Guid(c20cfde6fae484ffeaaa45f213ca8c0e) Importer(815301076,1909f56bfc062723c751e8b465ee728b)
Start importing Assets/Mask.png using Guid(c20cfde6fae484ffeaaa45f213ca8c0e) Importer(815301076,1909f56bfc062723c751e8b465ee728b)  -> (artifact id: 'a6957b3ed982666fcbb4450b447ca0d3') in 1.164651 seconds 
  Import took 1.166925 seconds .

========================================================================
Received Import Request.
  Time since last request: 0.005053 seconds.
  path: Assets/Moon.png
  artifactKey: Guid(85a285cc3bf0b419699fa79f55f36182) Importer(815301076,1909f56bfc062723c751e8b465ee728b)
Start importing Assets/Moon.png using Guid(85a285cc3bf0b419699fa79f55f36182) Importer(815301076,1909f56bfc062723c751e8b465ee728b)  -> (artifact id: '7150325147e17d9fb50cc941c881c941') in 0.072229 seconds 
  Import took 0.074951 seconds .

========================================================================
Received Import Request.
  Time since last request: 0.000213 seconds.
  path: Assets/SmallCloud.fbx
  artifactKey: Guid(3b20513a135224748867dd5bfb92b49e) Importer(815301076,1909f56bfc062723c751e8b465ee728b)
Start importing Assets/SmallCloud.fbx using Guid(3b20513a135224748867dd5bfb92b49e) Importer(815301076,1909f56bfc062723c751e8b465ee728b)  -> (artifact id: '5360691a18efb444a550d183e253d462') in 0.011049 seconds 
  Import took 0.013057 seconds .

========================================================================
Received Import Request.
  Time since last request: 0.000311 seconds.
  path: Assets/LeftFripper.fbx
  artifactKey: Guid(fb5b80189a4e244d0a695ebfeae80b12) Importer(815301076,1909f56bfc062723c751e8b465ee728b)
Start importing Assets/LeftFripper.fbx using Guid(fb5b80189a4e244d0a695ebfeae80b12) Importer(815301076,1909f56bfc062723c751e8b465ee728b)  -> (artifact id: '611534f3072cfba5d20be336a3d4fe49') in 0.010047 seconds 
  Import took 0.012001 seconds .

========================================================================
Received Import Request.
  Time since last request: 0.000262 seconds.
  path: Assets/LargeCloud.fbx
  artifactKey: Guid(3b880886fd23e4e17903ba4a8d7fcc14) Importer(815301076,1909f56bfc062723c751e8b465ee728b)
Start importing Assets/LargeCloud.fbx using Guid(3b880886fd23e4e17903ba4a8d7fcc14) Importer(815301076,1909f56bfc062723c751e8b465ee728b)  -> (artifact id: 'd88b5d6ca725a0386040e77fe0715f65') in 0.010510 seconds 
  Import took 0.012336 seconds .

========================================================================
Received Import Request.
  Time since last request: 1308.350922 seconds.
  path: Assets
  artifactKey: Guid(00000000000000001000000000000000) Importer(815301076,1909f56bfc062723c751e8b465ee728b)
Start importing Assets using Guid(00000000000000001000000000000000) Importer(815301076,1909f56bfc062723c751e8b465ee728b)  -> (artifact id: '42d402b061de3733987d63b9cc3b64de') in 0.005334 seconds 
  Import took 0.031491 seconds .

========================================================================
Received Import Request.
  Time since last request: 11.981851 seconds.
  path: Assets/New Material.mat
  artifactKey: Guid(a67ad297c2ff84ac988ce233a96b5020) Importer(815301076,1909f56bfc062723c751e8b465ee728b)
Start importing Assets/New Material.mat using Guid(a67ad297c2ff84ac988ce233a96b5020) Importer(815301076,1909f56bfc062723c751e8b465ee728b)  -> (artifact id: '36e333b7d73bb6c4e0c2cbd5346e7edd') in 0.600837 seconds 
  Import took 0.604622 seconds .

========================================================================
Received Import Request.
  Time since last request: 15.350908 seconds.
  path: Assets/WallColor.mat
  artifactKey: Guid(a67ad297c2ff84ac988ce233a96b5020) Importer(815301076,1909f56bfc062723c751e8b465ee728b)
Start importing Assets/WallColor.mat using Guid(a67ad297c2ff84ac988ce233a96b5020) Importer(815301076,1909f56bfc062723c751e8b465ee728b)  -> (artifact id: '41b934164276696fde6a79b5e3209797') in 0.018524 seconds 
  Import took 0.022373 seconds .

========================================================================
Received Import Request.
  Time since last request: 706.705701 seconds.
  path: Assets/WallColor.mat
  artifactKey: Guid(a67ad297c2ff84ac988ce233a96b5020) Importer(815301076,1909f56bfc062723c751e8b465ee728b)
Start importing Assets/WallColor.mat using Guid(a67ad297c2ff84ac988ce233a96b5020) Importer(815301076,1909f56bfc062723c751e8b465ee728b)  -> (artifact id: '43d3068cb56c4f22cb21fc49e40ab0a1') in 0.026095 seconds 
  Import took 0.031009 seconds .

AssetImportWorkerClient::OnTransportError - code=2 error=End of file
